#
# A fatal error has been detected by the Java Runtime Environment:
#
#  SIGSEGV (0xb) at pc=0x0000000111fc09c5, pid=775, tid=0x000000000000552b
#
# JRE version: OpenJDK Runtime Environment (8.0_152-b06) (build 1.8.0_152-release-1136-b06)
# Java VM: OpenJDK 64-Bit Server VM (25.152-b06 mixed mode bsd-amd64 compressed oops)
# Problematic frame:
# J 13662 C2 org.jetbrains.kotlin.load.java.lazy.types.JavaTypeResolver.transformJavaType(Lorg/jetbrains/kotlin/load/java/structure/JavaType;Lorg/jetbrains/kotlin/load/java/lazy/types/JavaTypeAttributes;)Lorg/jetbrains/kotlin/types/KotlinType; (224 bytes) @ 0x0000000111fc09c5 [0x0000000111fc0200+0x7c5]
#
# Failed to write core dump. Core dumps have been disabled. To enable core dumping, try "ulimit -c unlimited" before starting Java again
#
# If you would like to submit a bug report, please visit:
#   http://bugreport.java.com/bugreport/crash.jsp
#

---------------  T H R E A D  ---------------

Current thread (0x00007f805a71c000):  JavaThread "RMI TCP Connection(50)-127.0.0.1" daemon [_thread_in_Java, id=21803, stack(0x0000700000f47000,0x0000700001047000)]

siginfo: si_signo: 11 (SIGSEGV), si_code: 1 (SEGV_MAPERR), si_addr: 0x0000000000000000

Registers:
RAX=0x00000007c04e8298, RBX=0x00000000000018a0, RCX=0x00000007a2234f78, RDX=0x00000007a0a05f40
RSP=0x0000700001041b88, RBP=0x00000007a2234f78, RSI=0x00000007c04e8bb0, RDI=0x0000000000000000
R8 =0x00000007a2234f78, R9 =0x0000000000000000, R10=0x0000000000000000, R11=0x00000000f809d176
R12=0x0000000000000000, R13=0x0000000000000000, R14=0x000000011b8c0000, R15=0x00007f805a71c000
RIP=0x0000000111fc09c5, EFLAGS=0x0000000000010293, ERR=0x0000000000000004
  TRAPNO=0x000000000000000e

Top of Stack: (sp=0x0000700001041b88)
0x0000700001041b88:   00000007c04e8298 00000007a2234418
0x0000700001041b98:   0000700001042e44 0000700001042dc0
0x0000700001041ba8:   0000700001042dc4 00000007a221cff8
0x0000700001041bb8:   0000000000000000 0000000000001168
0x0000700001041bc8:   0000000026b140e0 00007000258ee038
0x0000700001041bd8:   00000007a2234330 00000007a0a604d0
0x0000700001041be8:   00000007a22343f8 00000007a06f0e10
0x0000700001041bf8:   00000007a22342d0 00000007a0a06288
0x0000700001041c08:   00000007a22343f8 00000007a2234458
0x0000700001041c18:   00000007a2234448 00000007a2234490
0x0000700001041c28:   00000007a22344b8 00000007a0a60798
0x0000700001041c38:   0000000110a8871c 0000000000000000
0x0000700001041c48:   00000007a0a061b8 00000007a2234550
0x0000700001041c58:   00000007a22345d8 0000000760643d68
0x0000700001041c68:   00000007a2234330 0000000000000000
0x0000700001041c78:   00000007a0a604d0 00000007a2234e48
0x0000700001041c88:   0000000000000000 00000007a0a60798
0x0000700001041c98:   0000000110a880fc 00000007a2234e78
0x0000700001041ca8:   0000000100000001 0000700000000000
0x0000700001041cb8:   00000007a2234ec0 00000007a2234ef0
0x0000700001041cc8:   00000007a2234f08 0000000110d5bb0c
0x0000700001041cd8:   00000001275eacb0 00000007a22342d0
0x0000700001041ce8:   00000007a22343f8 00000007a0a06258
0x0000700001041cf8:   00000007a2234f78 00000007a2234418
0x0000700001041d08:   0000000126b14020 00000007a0a60798
0x0000700001041d18:   0000000110a3925c 00000007a22342c0
0x0000700001041d28:   0000700001042b0c 0000000126ad0638
0x0000700001041d38:   00007f805a71c000 0000000126ad02f8
0x0000700001041d48:   00007f805a71c000 0000000400000000
0x0000700001041d58:   00007f80595b91d8 0000000126ad0638
0x0000700001041d68:   00007f805a71c000 00007f805a71c000
0x0000700001041d78:   00007000010423a8 00007f80595b91d8 

Instructions: (pc=0x0000000111fc09c5)
0x0000000111fc09a5:   85 a7 51 00 00 48 8b 04 24 48 81 c4 a0 00 00 00
0x0000000111fc09b5:   5d 85 05 44 e6 b8 fd c3 50 48 8b c0 48 8b 7e 20
0x0000000111fc09c5:   8b 0f 48 83 c7 08 48 85 c0 f2 48 af 58 0f 85 04
0x0000000111fc09d5:   00 00 00 48 89 46 18 0f 84 89 f8 ff ff 48 b8 08 

Register to memory mapping:

RAX=0x00000007c04e8298 is pointing into metadata
RBX=0x00000000000018a0 is an unknown value
RCX=0x00000007a2234f78 is an oop
org.jetbrains.kotlin.load.java.lazy.types.JavaTypeAttributes 
 - klass: 'org/jetbrains/kotlin/load/java/lazy/types/JavaTypeAttributes'
RDX=0x00000007a0a05f40 is an oop
