#
# A fatal error has been detected by the Java Runtime Environment:
#
#  SIGSEGV (0xb) at pc=0x00000001048a42c1, pid=1170, tid=0x0000000000001a03
#
# JRE version: OpenJDK Runtime Environment (8.0_152-b06) (build 1.8.0_152-release-1136-b06)
# Java VM: OpenJDK 64-Bit Server VM (25.152-b06 mixed mode bsd-amd64 compressed oops)
# Problematic frame:
# V  [libjvm.dylib+0x49f2c1]  oopDesc* PSPromotionManager::copy_to_survivor_space<false>(oopDesc*)+0x59
#
# Failed to write core dump. Core dumps have been disabled. To enable core dumping, try "ulimit -c unlimited" before starting Java again
#
# If you would like to submit a bug report, please visit:
#   http://bugreport.java.com/bugreport/crash.jsp
#

---------------  T H R E A D  ---------------

Current thread (0x00007fc979814000):  GCTaskThread [stack: 0x0000700000187000,0x0000700000287000] [id=6659]

siginfo: si_signo: 11 (SIGSEGV), si_code: 1 (SEGV_MAPERR), si_addr: 0x0000000000000030

Registers:
RAX=0x0000000104c2c501, RBX=0x00007fc979814800, RCX=0x0000000000000003, RDX=0x0000000104c1b510
RSP=0x0000700000286bf0, RBP=0x0000700000286c70, RSI=0x00000007a108df70, RDI=0x0000000000000028
R8 =0x0000000000000000, R9 =0x0000000104c08432, R10=0x00007fc979411bd8, R11=0x00000007b99d7dd8
R12=0x00000000ec0153fd, R13=0x00007fc979814800, R14=0x00000007b99d7e40, R15=0x0000000104c1b500
RIP=0x00000001048a42c1, EFLAGS=0x0000000000010206, ERR=0x0000000000000004
  TRAPNO=0x000000000000000e

Top of Stack: (sp=0x0000700000286bf0)
0x0000700000286bf0:   0000700000286cb0 00000007b99d4f18
0x0000700000286c00:   0000000000001000 0000000767d3e438
0x0000700000286c10:   0000000000000400 00000007a11bb472
0x0000700000286c20:   0000000000000005 000000000000000d
0x0000700000286c30:   00000007a108df70 00007fc979814800
0x0000700000286c40:   0000000000000003 00000007b99d7e41
0x0000700000286c50:   0000000104c2c52b 00007fc979814800
0x0000700000286c60:   00000007b99d7e40 0000000104c1b500
0x0000700000286c70:   0000700000286ca0 00000001048a3c44
0x0000700000286c80:   00000007b99d7e41 0000000104c30db0
0x0000700000286c90:   00007fc979814860 00007fc979814898
0x0000700000286ca0:   0000700000286cf0 00000001048a3ad6
0x0000700000286cb0:   00000007c020c8e0 00000007b99d7e41
0x0000700000286cc0:   00000007631ecdf8 00000007631ece00
0x0000700000286cd0:   00000001142ccf67 00000001142ccf81
0x0000700000286ce0:   00000007631ece20 0000000000000240
0x0000700000286cf0:   0000700000286d90 000000010454847d
0x0000700000286d00:   00000001142ccf03 00000001142ccf00
0x0000700000286d10:   0000000000000100 00000001142ccf80
0x0000700000286d20:   00000001142f2713 00000001142f2712
0x0000700000286d30:   0000000767ce2438 00000007631f0020
0x0000700000286d40:   0000000000000000 00007fc979814800
0x0000700000286d50:   00000007631e4420 00007fc9794117c0
0x0000700000286d60:   00007fc979411a40 00007fc9794180b0
0x0000700000286d70:   00007fc9794180b0 00000001049dd23a
0x0000700000286d80:   00007fc979814800 0000000000000001
0x0000700000286d90:   0000700000286dc0 00000001048a737f
0x0000700000286da0:   00007fc900000002 00007fc97cb9e4e0
0x0000700000286db0:   00007fc979814000 0000000000000000
0x0000700000286dc0:   0000700000286ea0 0000000104664484
0x0000700000286dd0:   00007fc979415800 00007fc979814000
0x0000700000286de0:   00007fc979415030 00007fc979415070 

Instructions: (pc=0x00000001048a42c1)
0x00000001048a42a1:   c0 48 89 75 c0 74 15 48 8d 15 61 72 37 00 8a 4a
0x00000001048a42b1:   08 8b 7e 08 48 d3 e7 48 03 3a eb 04 48 8b 7e 08
0x00000001048a42c1:   44 8b 6f 08 45 85 ed 48 89 5d c8 7e 0c 41 f6 c5
0x00000001048a42d1:   01 75 08 41 c1 ed 03 eb 5d 78 16 48 8b 07 48 8b 

Register to memory mapping:

RAX=0x0000000104c2c501: _ZN14GenerateOopMap18_total_oopmap_timeE+0x11 in /Applications/Android Studio.app/Contents/jre/jdk/Contents/Home/jre/lib/server/libjvm.dylib at 0x0000000104405000
RBX=0x00007fc979814800 is an unknown value
RCX=0x0000000000000003 is an unknown value
RDX=0x0000000104c1b510: _ZN8Universe13_narrow_klassE+0 in /Applications/Android Studio.app/Contents/jre/jdk/Contents/Home/jre/lib/server/libjvm.dylib at 0x0000000104405000
RSP=0x0000700000286bf0 is an unknown value
RBP=0x0000700000286c70 is an unknown value
RSI=0x00000007a108df70 is an oop

[error occurred during error reporting (printing register info), id 0xb]

Stack: [0x0000700000187000,0x0000700000287000],  sp=0x0000700000286bf0,  free space=1022k
Native frames: (J=compiled Java code, j=interpreted, Vv=VM code, C=native code)
V  [libjvm.dylib+0x49f2c1]  oopDesc* PSPromotionManager::copy_to_survivor_space<false>(oopDesc*)+0x59
V  [libjvm.dylib+0x49ec44]  PSPromotionManager::process_popped_location_depth(StarTask)+0x106
V  [libjvm.dylib+0x49ead6]  PSPromotionManager::drain_stacks_depth(bool)+0x1ec
V  [libjvm.dylib+0x14347d]  CardTableExtension::scavenge_contents_parallel(ObjectStartArray*, MutableSpace*, HeapWord*, PSPromotionManager*, unsigned int, unsigned int)+0x623
V  [libjvm.dylib+0x4a237f]  OldToYoungRootsTask::do_it(GCTaskManager*, unsigned int)+0x4b
V  [libjvm.dylib+0x25f484]  GCTaskThread::run()+0x130
V  [libjvm.dylib+0x45fb89]  java_start(Thread*)+0xfa
C  [libsystem_pthread.dylib+0x399d]  _pthread_body+0x83
C  [libsystem_pthread.dylib+0x391a]  _pthread_body+0x0
C  [libsystem_pthread.dylib+0x1351]  thread_start+0xd


---------------  P R O C E S S  ---------------

Java Threads: ( => current thread )
  0x00007fc97a28f800 JavaThread "RMI RenewClean-[127.0.0.1:57156,org.jetbrains.kotlin.daemon.common.LoopbackNetworkInterface$ClientLoopbackSocketFactory@4617c8c8]" daemon [_thread_blocked, id=26627, stack(0x0000700001ffa000,0x00007000020fa000)]
  0x00007fc97ca10000 JavaThread "RMI TCP Connection(53)-127.0.0.1" daemon [_thread_in_native, id=26115, stack(0x0000700001ef7000,0x0000700001ff7000)]
  0x00007fc979a54800 JavaThread "RMI RenewClean-[127.0.0.1:57156,org.jetbrains.kotlin.daemon.common.LoopbackNetworkInterface$ClientLoopbackSocketFactory@210c5b6d]" daemon [_thread_blocked, id=25603, stack(0x0000700001df4000,0x0000700001ef4000)]
  0x00007fc97b887800 JavaThread "RMI RenewClean-[127.0.0.1:57156,org.jetbrains.kotlin.daemon.common.LoopbackNetworkInterface$ClientLoopbackSocketFactory@7902b4cb]" daemon [_thread_blocked, id=25091, stack(0x0000700001cf1000,0x0000700001df1000)]
  0x00007fc979f8d000 JavaThread "RMI TCP Connection(54)-127.0.0.1" daemon [_thread_blocked, id=19235, stack(0x0000700001aeb000,0x0000700001beb000)]
  0x00007fc97bcfc000 JavaThread "RMI TCP Connection(idle)" daemon [_thread_blocked, id=24071, stack(0x000070000072c000,0x000070000082c000)]
  0x00007fc97bca8800 JavaThread "RMI RenewClean-[127.0.0.1:57156,org.jetbrains.kotlin.daemon.common.LoopbackNetworkInterface$ClientLoopbackSocketFactory@7c0b91f3]" daemon [_thread_blocked, id=24579, stack(0x0000700001bee000,0x0000700001cee000)]
  0x00007fc979a51800 JavaThread "RMI RenewClean-[127.0.0.1:57156,org.jetbrains.kotlin.daemon.common.LoopbackNetworkInterface$ClientLoopbackSocketFactory@355e5def]" daemon [_thread_blocked, id=11819, stack(0x0000700000fca000,0x00007000010ca000)]
  0x00007fc97bc03800 JavaThread "RMI RenewClean-[127.0.0.1:57156,org.jetbrains.kotlin.daemon.common.LoopbackNetworkInterface$ClientLoopbackSocketFactory@74b3e5bf]" daemon [_thread_blocked, id=23555, stack(0x00007000019e8000,0x0000700001ae8000)]
  0x00007fc97c88c000 JavaThread "RMI RenewClean-[127.0.0.1:57156,org.jetbrains.kotlin.daemon.common.LoopbackNetworkInterface$ClientLoopbackSocketFactory@255064e5]" daemon [_thread_blocked, id=13343, stack(0x00007000017e2000,0x00007000018e2000)]
  0x00007fc97bd99000 JavaThread "RMI RenewClean-[127.0.0.1:57156,org.jetbrains.kotlin.daemon.common.LoopbackNetworkInterface$ClientLoopbackSocketFactory@383d6f5e]" daemon [_thread_blocked, id=22299, stack(0x00007000016df000,0x00007000017df000)]
  0x00007fc97ce44000 JavaThread "RMI RenewClean-[127.0.0.1:57156,org.jetbrains.kotlin.daemon.common.LoopbackNetworkInterface$ClientLoopbackSocketFactory@81171f8]" daemon [_thread_blocked, id=20755, stack(0x00007000018e5000,0x00007000019e5000)]
  0x00007fc97cf89800 JavaThread "RMI RenewClean-[127.0.0.1:57156,org.jetbrains.kotlin.daemon.common.LoopbackNetworkInterface$ClientLoopbackSocketFactory@45bce189]" daemon [_thread_blocked, id=23047, stack(0x00007000015dc000,0x00007000016dc000)]
  0x00007fc979aa1800 JavaThread "RMI RenewClean-[127.0.0.1:57156,org.jetbrains.kotlin.daemon.common.LoopbackNetworkInterface$ClientLoopbackSocketFactory@7cc6ac15]" daemon [_thread_blocked, id=21259, stack(0x00007000012d3000,0x00007000013d3000)]
  0x00007fc97c9df000 JavaThread "RMI RenewClean-[127.0.0.1:57156,org.jetbrains.kotlin.daemon.common.LoopbackNetworkInterface$ClientLoopbackSocketFactory@446d21c9]" daemon [_thread_blocked, id=12295, stack(0x00007000013d6000,0x00007000014d6000)]
  0x00007fc97a24b000 JavaThread "RMI Scheduler(0)" daemon [_thread_blocked, id=21763, stack(0x00007000014d9000,0x00007000015d9000)]
  0x00007fc979808000 JavaThread "DestroyJavaVM" [_thread_blocked, id=4099, stack(0x0000700000084000,0x0000700000184000)]
  0x00007fc979ad4800 JavaThread "GC Daemon" daemon [_thread_blocked, id=20227, stack(0x00007000011d0000,0x00007000012d0000)]
  0x00007fc979bb8800 JavaThread "RMI Reaper" [_thread_blocked, id=19715, stack(0x00007000010cd000,0x00007000011cd000)]
  0x00007fc97a246800 JavaThread "Timer-0" daemon [_thread_blocked, id=18691, stack(0x0000700000ec7000,0x0000700000fc7000)]
  0x00007fc979a71000 JavaThread "RMI TCP Accept-17464" daemon [_thread_in_native, id=18179, stack(0x0000700000dc4000,0x0000700000ec4000)]
  0x00007fc979851800 JavaThread "Service Thread" daemon [_thread_blocked, id=17155, stack(0x0000700000bbe000,0x0000700000cbe000)]
  0x00007fc979851000 JavaThread "C1 CompilerThread1" daemon [_thread_blocked, id=16643, stack(0x0000700000abb000,0x0000700000bbb000)]
  0x00007fc97984f000 JavaThread "C2 CompilerThread0" daemon [_thread_blocked, id=16131, stack(0x00007000009b8000,0x0000700000ab8000)]
  0x00007fc97a058800 JavaThread "Signal Dispatcher" daemon [_thread_blocked, id=15623, stack(0x00007000008b5000,0x00007000009b5000)]
  0x00007fc97984b800 JavaThread "Finalizer" daemon [_thread_blocked, id=10755, stack(0x0000700000629000,0x0000700000729000)]
  0x00007fc979849000 JavaThread "Reference Handler" daemon [_thread_blocked, id=10243, stack(0x0000700000526000,0x0000700000626000)]

Other Threads:
  0x00007fc979846800 VMThread [stack: 0x0000700000423000,0x0000700000523000] [id=9731]
  0x00007fc979867000 WatcherThread [stack: 0x0000700000cc1000,0x0000700000dc1000] [id=17667]

=>0x00007fc979814000 (exited) GCTaskThread [stack: 0x0000700000187000,0x0000700000287000] [id=6659]

VM state:at safepoint (normal execution)

VM Mutex/Monitor currently owned by a thread:  ([mutex/lock_event])
[0x00007fc979509ef0] Threads_lock - owner thread: 0x00007fc979846800
[0x00007fc97950a3f0] Heap_lock - owner thread: 0x00007fc979f8d000

Heap:
 PSYoungGen      total 341504K, used 323634K [0x00000007a0000000, 0x00000007bf880000, 0x00000007c0000000)
  eden space 239616K, 100% used [0x00000007a0000000,0x00000007aea00000,0x00000007aea00000)
  from space 101888K, 82% used [0x00000007aea00000,0x00000007b3c0ca28,0x00000007b4d80000)
  to   space 111616K, 14% used [0x00000007b8b80000,0x00000007b9bacf18,0x00000007bf880000)
 ParOldGen       total 174592K, used 131025K [0x0000000760000000, 0x000000076aa80000, 0x00000007a0000000)
  object space 174592K, 75% used [0x0000000760000000,0x0000000767ff4678,0x000000076aa80000)
 Metaspace       used 66476K, capacity 68927K, committed 69144K, reserved 1110016K
  class space    used 7833K, capacity 8444K, committed 8488K, reserved 1048576K

Card table byte_map: [0x00000001142b4000,0x00000001145b5000] byte_map_base: 0x00000001107b4000

Marking Bits: (ParMarkBitMap*) 0x0000000104c318f8
 Begin Bits: [0x0000000114c00000, 0x0000000116400000)
 End Bits:   [0x0000000116400000, 0x0000000117c00000)

Polling page: 0x0000000104ee1000

CodeCache: size=245760Kb used=32739Kb max_used=33362Kb free=213020Kb
 bounds [0x0000000104ef4000, 0x0000000106fe4000, 0x0000000113ef4000]
 total_blobs=12070 nmethods=11544 adapters=439
 compilation: enabled

Compilation events (10 events):
Event: 2539.558 Thread 0x00007fc979851000 nmethod 13863 0x0000000105e14a50 code [0x0000000105e14bc0, 0x0000000105e14d50]
Event: 2539.571 Thread 0x00007fc97984f000 13864       4       java.util.regex.Pattern$5::isSatisfiedBy (28 bytes)
Event: 2539.572 Thread 0x00007fc97984f000 nmethod 13864 0x0000000105eacdd0 code [0x0000000105eacf20, 0x0000000105eacfd8]
Event: 2539.596 Thread 0x00007fc979851000 13865       3       java.util.HashMap::get (23 bytes)
Event: 2539.597 Thread 0x00007fc979851000 nmethod 13865 0x0000000105ed8ad0 code [0x0000000105ed8c60, 0x0000000105ed9078]
Event: 2539.598 Thread 0x00007fc979851000 13867       3       com.sun.org.apache.xerces.internal.impl.XMLDocumentFragmentScannerImpl::getPropertyDefault (36 bytes)
Event: 2539.599 Thread 0x00007fc979851000 nmethod 13867 0x00000001066e9790 code [0x00000001066e9920, 0x00000001066e9ca8]
Event: 2539.600 Thread 0x00007fc979851000 13866       3       org.jetbrains.kotlin.cli.common.arguments.PreprocessCommandLineArgumentsKt::isArgfileArgument (10 bytes)
Event: 2539.603 Thread 0x00007fc979851000 nmethod 13866 0x00000001063de8d0 code [0x00000001063dea40, 0x00000001063dec28]
Event: 2539.605 Thread 0x00007fc97984f000 13868       4       com.sun.org.apache.xerces.internal.impl.XMLEntityScanner::scanContent (690 bytes)

GC Heap History (10 events):
Event: 701.061 GC heap after
Heap after GC invocations=19 (full 4):
 PSYoungGen      total 234496K, used 52204K [0x00000007a0000000, 0x00000007b6200000, 0x00000007c0000000)
  eden space 182272K, 0% used [0x00000007a0000000,0x00000007a0000000,0x00000007ab200000)
  from space 52224K, 99% used [0x00000007ab200000,0x00000007ae4fb3a0,0x00000007ae500000)
  to   space 67072K, 0% used [0x00000007b2080000,0x00000007b2080000,0x00000007b6200000)
 ParOldGen       total 174592K, used 65360K [0x0000000760000000, 0x000000076aa80000, 0x00000007a0000000)
  object space 174592K, 37% used [0x0000000760000000,0x0000000763fd4330,0x000000076aa80000)
 Metaspace       used 61400K, capacity 62981K, committed 63384K, reserved 1105920K
  class space    used 7338K, capacity 7757K, committed 7848K, reserved 1048576K
}
Event: 777.608 GC heap before
{Heap before GC invocations=20 (full 4):
 PSYoungGen      total 234496K, used 234476K [0x00000007a0000000, 0x00000007b6200000, 0x00000007c0000000)
  eden space 182272K, 100% used [0x00000007a0000000,0x00000007ab200000,0x00000007ab200000)
  from space 52224K, 99% used [0x00000007ab200000,0x00000007ae4fb3a0,0x00000007ae500000)
  to   space 67072K, 0% used [0x00000007b2080000,0x00000007b2080000,0x00000007b6200000)
 ParOldGen       total 174592K, used 65360K [0x0000000760000000, 0x000000076aa80000, 0x00000007a0000000)
  object space 174592K, 37% used [0x0000000760000000,0x0000000763fd4330,0x000000076aa80000)
 Metaspace       used 63281K, capacity 65379K, committed 65432K, reserved 1105920K
  class space    used 7549K, capacity 8090K, committed 8104K, reserved 1048576K
Event: 777.960 GC heap after
Heap after GC invocations=20 (full 4):
 PSYoungGen      total 284160K, used 67059K [0x00000007a0000000, 0x00000007b7280000, 0x00000007c0000000)
  eden space 217088K, 0% used [0x00000007a0000000,0x00000007a0000000,0x00000007ad400000)
  from space 67072K, 99% used [0x00000007b2080000,0x00000007b61fcce8,0x00000007b6200000)
  to   space 78336K, 0% used [0x00000007ad400000,0x00000007ad400000,0x00000007b2080000)
 ParOldGen       total 174592K, used 67191K [0x0000000760000000, 0x000000076aa80000, 0x00000007a0000000)
  object space 174592K, 38% used [0x0000000760000000,0x000000076419de70,0x000000076aa80000)
 Metaspace       used 63281K, capacity 65379K, committed 65432K, reserved 1105920K
  class space    used 7549K, capacity 8090K, committed 8104K, reserved 1048576K
}
Event: 1320.437 GC heap before
{Heap before GC invocations=21 (full 4):
 PSYoungGen      total 284160K, used 284147K [0x00000007a0000000, 0x00000007b7280000, 0x00000007c0000000)
  eden space 217088K, 100% used [0x00000007a0000000,0x00000007ad400000,0x00000007ad400000)
  from space 67072K, 99% used [0x00000007b2080000,0x00000007b61fcce8,0x00000007b6200000)
  to   space 78336K, 0% used [0x00000007ad400000,0x00000007ad400000,0x00000007b2080000)
 ParOldGen       total 174592K, used 67191K [0x0000000760000000, 0x000000076aa80000, 0x00000007a0000000)
  object space 174592K, 38% used [0x0000000760000000,0x000000076419de70,0x000000076aa80000)
 Metaspace       used 64329K, capacity 66605K, committed 66968K, reserved 1107968K
  class space    used 7657K, capacity 8239K, committed 8360K, reserved 1048576K
Event: 1320.662 GC heap after
Heap after GC invocations=21 (full 4):
 PSYoungGen      total 295424K, used 59239K [0x00000007a0000000, 0x00000007b9f80000, 0x00000007c0000000)
  eden space 217088K, 0% used [0x00000007a0000000,0x00000007a0000000,0x00000007ad400000)
  from space 78336K, 75% used [0x00000007ad400000,0x00000007b0dd9ce8,0x00000007b2080000)
  to   space 83968K, 0% used [0x00000007b4d80000,0x00000007b4d80000,0x00000007b9f80000)
 ParOldGen       total 174592K, used 71031K [0x0000000760000000, 0x000000076aa80000, 0x00000007a0000000)
  object space 174592K, 40% used [0x0000000760000000,0x000000076455dcd0,0x000000076aa80000)
 Metaspace       used 64329K, capacity 66605K, committed 66968K, reserved 1107968K
  class space    used 7657K, capacity 8239K, committed 8360K, reserved 1048576K
}
Event: 1323.618 GC heap before
{Heap before GC invocations=22 (full 4):
 PSYoungGen      total 295424K, used 276327K [0x00000007a0000000, 0x00000007b9f80000, 0x00000007c0000000)
  eden space 217088K, 100% used [0x00000007a0000000,0x00000007ad400000,0x00000007ad400000)
  from space 78336K, 75% used [0x00000007ad400000,0x00000007b0dd9ce8,0x00000007b2080000)
  to   space 83968K, 0% used [0x00000007b4d80000,0x00000007b4d80000,0x00000007b9f80000)
 ParOldGen       total 174592K, used 71031K [0x0000000760000000, 0x000000076aa80000, 0x00000007a0000000)
  object space 174592K, 40% used [0x0000000760000000,0x000000076455dcd0,0x000000076aa80000)
 Metaspace       used 64980K, capacity 67255K, committed 67480K, reserved 1107968K
  class space    used 7704K, capacity 8276K, committed 8360K, reserved 1048576K
Event: 1324.100 GC heap after
Heap after GC invocations=22 (full 4):
 PSYoungGen      total 323584K, used 83964K [0x00000007a0000000, 0x00000007bd000000, 0x00000007c0000000)
  eden space 239616K, 0% used [0x00000007a0000000,0x00000007a0000000,0x00000007aea00000)
  from space 83968K, 99% used [0x00000007b4d80000,0x00000007b9f7f260,0x00000007b9f80000)
  to   space 101888K, 0% used [0x00000007aea00000,0x00000007aea00000,0x00000007b4d80000)
 ParOldGen       total 174592K, used 83292K [0x0000000760000000, 0x000000076aa80000, 0x00000007a0000000)
  object space 174592K, 47% used [0x0000000760000000,0x00000007651571e8,0x000000076aa80000)
 Metaspace       used 64980K, capacity 67255K, committed 67480K, reserved 1107968K
  class space    used 7704K, capacity 8276K, committed 8360K, reserved 1048576K
}
Event: 1557.484 GC heap before
{Heap before GC invocations=23 (full 4):
 PSYoungGen      total 323584K, used 323580K [0x00000007a0000000, 0x00000007bd000000, 0x00000007c0000000)
  eden space 239616K, 100% used [0x00000007a0000000,0x00000007aea00000,0x00000007aea00000)
  from space 83968K, 99% used [0x00000007b4d80000,0x00000007b9f7f260,0x00000007b9f80000)
  to   space 101888K, 0% used [0x00000007aea00000,0x00000007aea00000,0x00000007b4d80000)
 ParOldGen       total 174592K, used 83292K [0x0000000760000000, 0x000000076aa80000, 0x00000007a0000000)
  object space 174592K, 47% used [0x0000000760000000,0x00000007651571e8,0x000000076aa80000)
 Metaspace       used 65563K, capacity 67875K, committed 67992K, reserved 1110016K
  class space    used 7751K, capacity 8350K, committed 8360K, reserved 1048576K
Event: 1558.179 GC heap after
Heap after GC invocations=23 (full 4):
 PSYoungGen      total 341504K, used 84018K [0x00000007a0000000, 0x00000007bf880000, 0x00000007c0000000)
  eden space 239616K, 0% used [0x00000007a0000000,0x00000007a0000000,0x00000007aea00000)
  from space 101888K, 82% used [0x00000007aea00000,0x00000007b3c0ca28,0x00000007b4d80000)
  to   space 111616K, 0% used [0x00000007b8b80000,0x00000007b8b80000,0x00000007bf880000)
 ParOldGen       total 174592K, used 127881K [0x0000000760000000, 0x000000076aa80000, 0x00000007a0000000)
  object space 174592K, 73% used [0x0000000760000000,0x0000000767ce2438,0x000000076aa80000)
 Metaspace       used 65563K, capacity 67875K, committed 67992K, reserved 1110016K
  class space    used 7751K, capacity 8350K, committed 8360K, reserved 1048576K
}
Event: 2539.606 GC heap before
{Heap before GC invocations=24 (full 4):
 PSYoungGen      total 341504K, used 323634K [0x00000007a0000000, 0x00000007bf880000, 0x00000007c0000000)
  eden space 239616K, 100% used [0x00000007a0000000,0x00000007aea00000,0x00000007aea00000)
  from space 101888K, 82% used [0x00000007aea00000,0x00000007b3c0ca28,0x00000007b4d80000)
  to   space 111616K, 0% used [0x00000007b8b80000,0x00000007b8b80000,0x00000007bf880000)
 ParOldGen       total 174592K, used 127881K [0x0000000760000000, 0x000000076aa80000, 0x00000007a0000000)
  object space 174592K, 73% used [0x0000000760000000,0x0000000767ce2438,0x000000076aa80000)
 Metaspace       used 66476K, capacity 68927K, committed 69144K, reserved 1110016K
  class space    used 7833K, capacity 8444K, committed 8488K, reserved 1048576K

Deoptimization events (10 events):
Event: 1556.238 Thread 0x00007fc97c88c000 Uncommon trap: reason=class_check action=maybe_recompile pc=0x0000000106e2c06c method=org.jetbrains.kotlin.load.java.typeEnhancement.SignatureEnhancement.enhanceSignatures(Lorg/jetbrains/kotlin/load/java/lazy/LazyJavaResolverContext;Ljava/util/Collection;
Event: 1556.241 Thread 0x00007fc97c88c000 Uncommon trap: reason=class_check action=maybe_recompile pc=0x0000000106e2c06c method=org.jetbrains.kotlin.load.java.typeEnhancement.SignatureEnhancement.enhanceSignatures(Lorg/jetbrains/kotlin/load/java/lazy/LazyJavaResolverContext;Ljava/util/Collection;
Event: 1556.241 Thread 0x00007fc97c88c000 Uncommon trap: reason=class_check action=maybe_recompile pc=0x0000000106e2c06c method=org.jetbrains.kotlin.load.java.typeEnhancement.SignatureEnhancement.enhanceSignatures(Lorg/jetbrains/kotlin/load/java/lazy/LazyJavaResolverContext;Ljava/util/Collection;
Event: 1558.208 Thread 0x00007fc97c88c000 Uncommon trap: reason=null_check action=make_not_entrant pc=0x0000000106ea56f0 method=org.jetbrains.kotlin.load.java.typeEnhancement.SignatureEnhancement$SignatureParts.extractQualifiersFromAnnotations(Lorg/jetbrains/kotlin/types/KotlinType;ZLorg/jetbrain
Event: 1558.684 Thread 0x00007fc97c88c000 Uncommon trap: reason=unstable_if action=reinterpret pc=0x0000000105cb8e50 method=net.jpountz.lz4.LZ4UnsafeUtils.wildIncrementalCopy([BIII)V @ 4
Event: 1558.850 Thread 0x00007fc97c88c000 Uncommon trap: reason=bimorphic action=maybe_recompile pc=0x0000000105c260a4 method=org.jetbrains.kotlin.protobuf.SmallSortedMap.getNumArrayEntries()I @ 4
Event: 2125.285 Thread 0x00007fc979a51800 Uncommon trap: reason=bimorphic action=maybe_recompile pc=0x00000001053ef308 method=java.io.DataOutputStream.writeShort(I)V @ 12
Event: 2259.398 Thread 0x00007fc97a28f800 Uncommon trap: reason=unstable_if action=reinterpret pc=0x0000000105c0dfa0 method=java.util.HashMap.putVal(ILjava/lang/Object;Ljava/lang/Object;ZZ)Ljava/lang/Object; @ 162
Event: 2411.357 Thread 0x00007fc979f8d000 Uncommon trap: reason=unstable_if action=reinterpret pc=0x0000000105b4f584 method=java.util.HashMap.putVal(ILjava/lang/Object;Ljava/lang/Object;ZZ)Ljava/lang/Object; @ 162
Event: 2539.592 Thread 0x00007fc979f8d000 Uncommon trap: reason=unstable_if action=reinterpret pc=0x0000000105eca520 method=java.util.HashMap.getNode(ILjava/lang/Object;)Ljava/util/HashMap$Node; @ 84

Classes redefined (0 events):
No events

Internal exceptions (10 events):
Event: 2259.410 Thread 0x00007fc97a28f800 Exception <a 'java/io/FileNotFoundException'> (0x00000007acfe4070) thrown at [/Volumes/android/AOSP-openjdk-git/jdk8u/hotspot/src/share/vm/prims/jni.cpp, line 709]
Event: 2411.360 Thread 0x00007fc97b887800 Exception <a 'java/lang/InterruptedException'> (0x00000007ad81ff80) thrown at [/Volumes/android/AOSP-openjdk-git/jdk8u/hotspot/src/share/vm/runtime/objectMonitor.cpp, line 1684]
Event: 2411.368 Thread 0x00007fc979f8d000 Exception <a 'java/io/FileNotFoundException'> (0x00000007ad9384f0) thrown at [/Volumes/android/AOSP-openjdk-git/jdk8u/hotspot/src/share/vm/prims/jni.cpp, line 709]
Event: 2411.368 Thread 0x00007fc979f8d000 Exception <a 'java/io/FileNotFoundException'> (0x00000007ad939ca0) thrown at [/Volumes/android/AOSP-openjdk-git/jdk8u/hotspot/src/share/vm/prims/jni.cpp, line 709]
Event: 2495.612 Thread 0x00007fc979a54800 Exception <a 'java/lang/InterruptedException'> (0x00000007adf99f88) thrown at [/Volumes/android/AOSP-openjdk-git/jdk8u/hotspot/src/share/vm/runtime/objectMonitor.cpp, line 1684]
Event: 2495.617 Thread 0x00007fc97bcfc000 Exception <a 'java/io/FileNotFoundException'> (0x00000007adf5c5c8) thrown at [/Volumes/android/AOSP-openjdk-git/jdk8u/hotspot/src/share/vm/prims/jni.cpp, line 709]
Event: 2495.617 Thread 0x00007fc97bcfc000 Exception <a 'java/io/FileNotFoundException'> (0x00000007adf5dd78) thrown at [/Volumes/android/AOSP-openjdk-git/jdk8u/hotspot/src/share/vm/prims/jni.cpp, line 709]
Event: 2539.596 Thread 0x00007fc97a28f800 Exception <a 'java/lang/InterruptedException'> (0x00000007ae6a76c8) thrown at [/Volumes/android/AOSP-openjdk-git/jdk8u/hotspot/src/share/vm/runtime/objectMonitor.cpp, line 1684]
Event: 2539.600 Thread 0x00007fc979f8d000 Exception <a 'java/io/FileNotFoundException'> (0x00000007ae6985f8) thrown at [/Volumes/android/AOSP-openjdk-git/jdk8u/hotspot/src/share/vm/prims/jni.cpp, line 709]
Event: 2539.600 Thread 0x00007fc979f8d000 Exception <a 'java/io/FileNotFoundException'> (0x00000007ae699da8) thrown at [/Volumes/android/AOSP-openjdk-git/jdk8u/hotspot/src/share/vm/prims/jni.cpp, line 709]

Events (10 events):
Event: 2535.237 Executing VM operation: RevokeBias
Event: 2535.237 Executing VM operation: RevokeBias done
Event: 2539.574 Thread 0x00007fc97984f000 flushing nmethod 0x00000001054700d0
Event: 2539.592 Thread 0x00007fc979f8d000 Uncommon trap: trap_request=0xffffff65 fr.pc=0x0000000105eca520
Event: 2539.592 Thread 0x00007fc979f8d000 DEOPT PACKING pc=0x0000000105eca520 sp=0x0000700001be8e40
Event: 2539.592 Thread 0x00007fc979f8d000 DEOPT UNPACKING pc=0x0000000104f3947a sp=0x0000700001be8d80 mode 2
Event: 2539.592 Thread 0x00007fc97a28f800 Thread added: 0x00007fc97a28f800
Event: 2539.592 Executing VM operation: RevokeBias
Event: 2539.592 Executing VM operation: RevokeBias done
Event: 2539.606 Executing VM operation: ParallelGCFailedAllocation


Dynamic libraries:
0x0000000000ce7000 	/System/Library/Frameworks/Cocoa.framework/Versions/A/Cocoa
0x0000000000ce7000 	/System/Library/Frameworks/Security.framework/Versions/A/Security
0x0000000000ce7000 	/System/Library/Frameworks/ApplicationServices.framework/Versions/A/ApplicationServices
0x0000000000ce7000 	/usr/lib/libz.1.dylib
0x0000000000ce7000 	/usr/lib/libSystem.B.dylib
0x0000000000ce7000 	/System/Library/Frameworks/CoreFoundation.framework/Versions/A/CoreFoundation
0x0000000000ce7000 	/System/Library/Frameworks/Foundation.framework/Versions/C/Foundation
0x0000000000ce7000 	/usr/lib/libobjc.A.dylib
0x0000000000ce7000 	/System/Library/Frameworks/AppKit.framework/Versions/C/AppKit
0x0000000000ce7000 	/System/Library/Frameworks/CoreData.framework/Versions/A/CoreData
0x0000000000ce7000 	/System/Library/PrivateFrameworks/RemoteViewServices.framework/Versions/A/RemoteViewServices
0x0000000000ce7000 	/System/Library/PrivateFrameworks/UIFoundation.framework/Versions/A/UIFoundation
0x0000000000ce7000 	/usr/lib/libScreenReader.dylib
0x0000000000ce7000 	/System/Library/Frameworks/Accelerate.framework/Versions/A/Accelerate
0x0000000000ce7000 	/System/Library/Frameworks/IOSurface.framework/Versions/A/IOSurface
0x0000000000ce7000 	/System/Library/Frameworks/AudioToolbox.framework/Versions/A/AudioToolbox
0x0000000000ce7000 	/System/Library/Frameworks/AudioUnit.framework/Versions/A/AudioUnit
0x0000000000ce7000 	/System/Library/PrivateFrameworks/DataDetectorsCore.framework/Versions/A/DataDetectorsCore
0x0000000000ce7000 	/System/Library/PrivateFrameworks/DesktopServicesPriv.framework/Versions/A/DesktopServicesPriv
0x0000000000ce7000 	/System/Library/Frameworks/Carbon.framework/Versions/A/Frameworks/HIToolbox.framework/Versions/A/HIToolbox
0x0000000000ce7000 	/System/Library/Frameworks/QuartzCore.framework/Versions/A/QuartzCore
0x0000000000ce7000 	/System/Library/Frameworks/Carbon.framework/Versions/A/Frameworks/SpeechRecognition.framework/Versions/A/SpeechRecognition
0x0000000000ce7000 	/usr/lib/libauto.dylib
0x0000000000ce7000 	/usr/lib/libicucore.A.dylib
0x0000000000ce7000 	/usr/lib/libxml2.2.dylib
0x0000000000ce7000 	/System/Library/PrivateFrameworks/CoreUI.framework/Versions/A/CoreUI
0x0000000000ce7000 	/System/Library/Frameworks/CoreAudio.framework/Versions/A/CoreAudio
0x0000000000ce7000 	/System/Library/Frameworks/DiskArbitration.framework/Versions/A/DiskArbitration
0x0000000000ce7000 	/usr/lib/liblangid.dylib
0x0000000000ce7000 	/System/Library/PrivateFrameworks/MultitouchSupport.framework/Versions/A/MultitouchSupport
0x0000000000ce7000 	/System/Library/Frameworks/IOKit.framework/Versions/A/IOKit
0x0000000000ce7000 	/usr/lib/libDiagnosticMessagesClient.dylib
0x0000000000ce7000 	/System/Library/Frameworks/CoreServices.framework/Versions/A/CoreServices
0x0000000000ce7000 	/System/Library/PrivateFrameworks/PerformanceAnalysis.framework/Versions/A/PerformanceAnalysis
0x0000000000ce7000 	/System/Library/PrivateFrameworks/GenerationalStorage.framework/Versions/A/GenerationalStorage
0x0000000000ce7000 	/System/Library/Frameworks/OpenGL.framework/Versions/A/OpenGL
0x0000000000ce7000 	/System/Library/PrivateFrameworks/Sharing.framework/Versions/A/Sharing
0x0000000000ce7000 	/System/Library/Frameworks/CoreGraphics.framework/Versions/A/CoreGraphics
0x0000000000ce7000 	/System/Library/Frameworks/CoreImage.framework/Versions/A/CoreImage
0x0000000000ce7000 	/System/Library/Frameworks/CoreText.framework/Versions/A/CoreText
0x0000000000ce7000 	/System/Library/Frameworks/ImageIO.framework/Versions/A/ImageIO
0x0000000000ce7000 	/System/Library/PrivateFrameworks/Backup.framework/Versions/A/Backup
0x0000000000ce7000 	/usr/lib/libextension.dylib
0x0000000000ce7000 	/usr/lib/libarchive.2.dylib
0x0000000000ce7000 	/System/Library/Frameworks/CFNetwork.framework/Versions/A/CFNetwork
0x0000000000ce7000 	/System/Library/Frameworks/SystemConfiguration.framework/Versions/A/SystemConfiguration
0x0000000000ce7000 	/usr/lib/libCRFSuite.dylib
0x0000000000ce7000 	/usr/lib/libc++.1.dylib
0x0000000000ce7000 	/usr/lib/libc++abi.dylib
0x0000000000ce7000 	/usr/lib/system/libcache.dylib
0x0000000000ce7000 	/usr/lib/system/libcommonCrypto.dylib
0x0000000000ce7000 	/usr/lib/system/libcompiler_rt.dylib
0x0000000000ce7000 	/usr/lib/system/libcopyfile.dylib
0x0000000000ce7000 	/usr/lib/system/libcorecrypto.dylib
0x0000000000ce7000 	/usr/lib/system/libdispatch.dylib
0x0000000000ce7000 	/usr/lib/system/libdyld.dylib
0x0000000000ce7000 	/usr/lib/system/libkeymgr.dylib
0x0000000000ce7000 	/usr/lib/system/liblaunch.dylib
0x0000000000ce7000 	/usr/lib/system/libmacho.dylib
0x0000000000ce7000 	/usr/lib/system/libquarantine.dylib
0x0000000000ce7000 	/usr/lib/system/libremovefile.dylib
0x0000000000ce7000 	/usr/lib/system/libsystem_asl.dylib
0x0000000000ce7000 	/usr/lib/system/libsystem_blocks.dylib
0x0000000000ce7000 	/usr/lib/system/libsystem_c.dylib
0x0000000000ce7000 	/usr/lib/system/libsystem_configuration.dylib
0x0000000000ce7000 	/usr/lib/system/libsystem_coreservices.dylib
0x0000000000ce7000 	/usr/lib/system/libsystem_coretls.dylib
0x0000000000ce7000 	/usr/lib/system/libsystem_dnssd.dylib
0x0000000000ce7000 	/usr/lib/system/libsystem_info.dylib
0x0000000000ce7000 	/usr/lib/system/libsystem_kernel.dylib
0x0000000000ce7000 	/usr/lib/system/libsystem_m.dylib
0x0000000000ce7000 	/usr/lib/system/libsystem_malloc.dylib
0x0000000000ce7000 	/usr/lib/system/libsystem_network.dylib
0x0000000000ce7000 	/usr/lib/system/libsystem_networkextension.dylib
0x0000000000ce7000 	/usr/lib/system/libsystem_notify.dylib
0x0000000000ce7000 	/usr/lib/system/libsystem_platform.dylib
0x0000000000ce7000 	/usr/lib/system/libsystem_pthread.dylib
0x0000000000ce7000 	/usr/lib/system/libsystem_sandbox.dylib
0x0000000000ce7000 	/usr/lib/system/libsystem_secinit.dylib
0x0000000000ce7000 	/usr/lib/system/libsystem_trace.dylib
0x0000000000ce7000 	/usr/lib/system/libunc.dylib
0x0000000000ce7000 	/usr/lib/system/libunwind.dylib
0x0000000000ce7000 	/usr/lib/system/libxpc.dylib
0x0000000000ce7000 	/usr/lib/libenergytrace.dylib
0x0000000000ce7000 	/usr/lib/libbsm.0.dylib
0x0000000000ce7000 	/usr/lib/system/libkxld.dylib
0x0000000000ce7000 	/usr/lib/libxar.1.dylib
0x0000000000ce7000 	/usr/lib/libsqlite3.dylib
0x0000000000ce7000 	/usr/lib/libpam.2.dylib
0x0000000000ce7000 	/usr/lib/libOpenScriptingUtil.dylib
0x0000000000ce7000 	/usr/lib/libbz2.1.0.dylib
0x0000000000ce7000 	/usr/lib/liblzma.5.dylib
0x0000000000ce7000 	/System/Library/Frameworks/CoreServices.framework/Versions/A/Frameworks/FSEvents.framework/Versions/A/FSEvents
0x0000000000ce7000 	/System/Library/Frameworks/CoreServices.framework/Versions/A/Frameworks/CarbonCore.framework/Versions/A/CarbonCore
0x0000000000ce7000 	/System/Library/Frameworks/CoreServices.framework/Versions/A/Frameworks/Metadata.framework/Versions/A/Metadata
0x0000000000ce7000 	/System/Library/Frameworks/CoreServices.framework/Versions/A/Frameworks/OSServices.framework/Versions/A/OSServices
0x0000000000ce7000 	/System/Library/Frameworks/CoreServices.framework/Versions/A/Frameworks/SearchKit.framework/Versions/A/SearchKit
0x0000000000ce7000 	/System/Library/Frameworks/CoreServices.framework/Versions/A/Frameworks/AE.framework/Versions/A/AE
0x0000000000ce7000 	/System/Library/Frameworks/CoreServices.framework/Versions/A/Frameworks/LaunchServices.framework/Versions/A/LaunchServices
0x0000000000ce7000 	/System/Library/Frameworks/CoreServices.framework/Versions/A/Frameworks/DictionaryServices.framework/Versions/A/DictionaryServices
0x0000000000ce7000 	/System/Library/Frameworks/CoreServices.framework/Versions/A/Frameworks/SharedFileList.framework/Versions/A/SharedFileList
0x0000000000ce7000 	/System/Library/Frameworks/NetFS.framework/Versions/A/NetFS
0x0000000000ce7000 	/System/Library/PrivateFrameworks/NetAuth.framework/Versions/A/NetAuth
0x0000000000ce7000 	/System/Library/PrivateFrameworks/login.framework/Versions/A/Frameworks/loginsupport.framework/Versions/A/loginsupport
0x0000000000ce7000 	/System/Library/PrivateFrameworks/TCC.framework/Versions/A/TCC
0x0000000000ce7000 	/usr/lib/libmecabra.dylib
0x0000000000ce7000 	/System/Library/Frameworks/ApplicationServices.framework/Versions/A/Frameworks/ATS.framework/Versions/A/ATS
0x0000000000ce7000 	/System/Library/Frameworks/ApplicationServices.framework/Versions/A/Frameworks/ColorSync.framework/Versions/A/ColorSync
0x0000000000ce7000 	/System/Library/Frameworks/ApplicationServices.framework/Versions/A/Frameworks/HIServices.framework/Versions/A/HIServices
0x0000000000ce7000 	/System/Library/Frameworks/ApplicationServices.framework/Versions/A/Frameworks/LangAnalysis.framework/Versions/A/LangAnalysis
0x0000000000ce7000 	/System/Library/Frameworks/ApplicationServices.framework/Versions/A/Frameworks/PrintCore.framework/Versions/A/PrintCore
0x0000000000ce7000 	/System/Library/Frameworks/ApplicationServices.framework/Versions/A/Frameworks/QD.framework/Versions/A/QD
0x0000000000ce7000 	/System/Library/Frameworks/ApplicationServices.framework/Versions/A/Frameworks/SpeechSynthesis.framework/Versions/A/SpeechSynthesis
0x0000000000ce7000 	/System/Library/Frameworks/Metal.framework/Versions/A/Metal
0x0000000000ce7000 	/System/Library/Frameworks/Accelerate.framework/Versions/A/Frameworks/vImage.framework/Versions/A/vImage
0x0000000000ce7000 	/System/Library/Frameworks/Accelerate.framework/Versions/A/Frameworks/vecLib.framework/Versions/A/vecLib
0x0000000000ce7000 	/System/Library/Frameworks/Accelerate.framework/Versions/A/Frameworks/vecLib.framework/Versions/A/libvDSP.dylib
0x0000000000ce7000 	/System/Library/Frameworks/Accelerate.framework/Versions/A/Frameworks/vecLib.framework/Versions/A/libvMisc.dylib
0x0000000000ce7000 	/System/Library/Frameworks/Accelerate.framework/Versions/A/Frameworks/vecLib.framework/Versions/A/libLAPACK.dylib
0x0000000000ce7000 	/System/Library/Frameworks/Accelerate.framework/Versions/A/Frameworks/vecLib.framework/Versions/A/libBLAS.dylib
0x0000000000ce7000 	/System/Library/Frameworks/Accelerate.framework/Versions/A/Frameworks/vecLib.framework/Versions/A/libLinearAlgebra.dylib
0x0000000000ce7000 	/System/Library/Frameworks/Accelerate.framework/Versions/A/Frameworks/vecLib.framework/Versions/A/libSparseBLAS.dylib
0x0000000000ce7000 	/System/Library/PrivateFrameworks/GPUCompiler.framework/libmetal_timestamp.dylib
0x0000000000ce7000 	/System/Library/Frameworks/OpenGL.framework/Versions/A/Libraries/libCoreFSCache.dylib
0x0000000000ce7000 	/System/Library/PrivateFrameworks/IOAccelerator.framework/Versions/A/IOAccelerator
0x0000000000ce7000 	/System/Library/Frameworks/ApplicationServices.framework/Versions/A/Frameworks/ATS.framework/Versions/A/Resources/libFontParser.dylib
0x0000000000ce7000 	/System/Library/Frameworks/ApplicationServices.framework/Versions/A/Frameworks/ATS.framework/Versions/A/Resources/libFontRegistry.dylib
0x0000000000ce7000 	/System/Library/PrivateFrameworks/AppleVPA.framework/Versions/A/AppleVPA
0x0000000000ce7000 	/System/Library/PrivateFrameworks/AppleJPEG.framework/Versions/A/AppleJPEG
0x0000000000ce7000 	/System/Library/Frameworks/ImageIO.framework/Versions/A/Resources/libJPEG.dylib
0x0000000000ce7000 	/System/Library/Frameworks/ImageIO.framework/Versions/A/Resources/libTIFF.dylib
0x0000000000ce7000 	/System/Library/Frameworks/ImageIO.framework/Versions/A/Resources/libPng.dylib
0x0000000000ce7000 	/System/Library/Frameworks/ImageIO.framework/Versions/A/Resources/libGIF.dylib
0x0000000000ce7000 	/System/Library/Frameworks/ImageIO.framework/Versions/A/Resources/libJP2.dylib
0x0000000000ce7000 	/System/Library/Frameworks/ImageIO.framework/Versions/A/Resources/libRadiance.dylib
0x0000000000ce7000 	/System/Library/Frameworks/CoreVideo.framework/Versions/A/CoreVideo
0x0000000000ce7000 	/System/Library/Frameworks/OpenGL.framework/Versions/A/Libraries/libGLU.dylib
0x0000000000ce7000 	/System/Library/Frameworks/OpenGL.framework/Versions/A/Libraries/libGFXShared.dylib
0x0000000000ce7000 	/System/Library/Frameworks/OpenGL.framework/Versions/A/Libraries/libGL.dylib
0x0000000000ce7000 	/System/Library/Frameworks/OpenGL.framework/Versions/A/Libraries/libGLImage.dylib
0x0000000000ce7000 	/System/Library/Frameworks/OpenGL.framework/Versions/A/Libraries/libCVMSPluginSupport.dylib
0x0000000000ce7000 	/System/Library/Frameworks/OpenGL.framework/Versions/A/Libraries/libCoreVMClient.dylib
0x0000000000ce7000 	/usr/lib/libcompression.dylib
0x0000000000ce7000 	/usr/lib/libcups.2.dylib
0x0000000000ce7000 	/System/Library/Frameworks/Kerberos.framework/Versions/A/Kerberos
0x0000000000ce7000 	/System/Library/Frameworks/GSS.framework/Versions/A/GSS
0x0000000000ce7000 	/usr/lib/libresolv.9.dylib
0x0000000000ce7000 	/usr/lib/libiconv.2.dylib
0x0000000000ce7000 	/System/Library/PrivateFrameworks/Heimdal.framework/Versions/A/Heimdal
0x0000000000ce7000 	/usr/lib/libheimdal-asn1.dylib
0x0000000000ce7000 	/System/Library/Frameworks/OpenDirectory.framework/Versions/A/OpenDirectory
0x0000000000ce7000 	/System/Library/PrivateFrameworks/CommonAuth.framework/Versions/A/CommonAuth
0x0000000000ce7000 	/System/Library/Frameworks/OpenDirectory.framework/Versions/A/Frameworks/CFOpenDirectory.framework/Versions/A/CFOpenDirectory
0x0000000000ce7000 	/System/Library/Frameworks/SecurityFoundation.framework/Versions/A/SecurityFoundation
0x0000000000ce7000 	/System/Library/PrivateFrameworks/LanguageModeling.framework/Versions/A/LanguageModeling
0x0000000000ce7000 	/usr/lib/libmarisa.dylib
0x0000000000ce7000 	/usr/lib/libChineseTokenizer.dylib
0x0000000000ce7000 	/usr/lib/libcmph.dylib
0x0000000000ce7000 	/System/Library/Frameworks/ServiceManagement.framework/Versions/A/ServiceManagement
0x0000000000ce7000 	/usr/lib/libxslt.1.dylib
0x0000000000ce7000 	/System/Library/Frameworks/Carbon.framework/Versions/A/Frameworks/Ink.framework/Versions/A/Ink
0x0000000000ce7000 	/usr/lib/libFosl_dynamic.dylib
0x0000000000ce7000 	/System/Library/PrivateFrameworks/FaceCore.framework/Versions/A/FaceCore
0x0000000000ce7000 	/System/Library/Frameworks/OpenCL.framework/Versions/A/OpenCL
0x0000000000ce7000 	/System/Library/PrivateFrameworks/CrashReporterSupport.framework/Versions/A/CrashReporterSupport
0x0000000000ce7000 	/System/Library/PrivateFrameworks/IconServices.framework/Versions/A/IconServices
0x0000000000ce7000 	/System/Library/PrivateFrameworks/Apple80211.framework/Versions/A/Apple80211
0x0000000000ce7000 	/System/Library/Frameworks/CoreWLAN.framework/Versions/A/CoreWLAN
0x0000000000ce7000 	/System/Library/Frameworks/IOBluetooth.framework/Versions/A/IOBluetooth
0x0000000000ce7000 	/System/Library/PrivateFrameworks/CoreWiFi.framework/Versions/A/CoreWiFi
0x0000000000ce7000 	/System/Library/Frameworks/CoreBluetooth.framework/Versions/A/CoreBluetooth
0x0000000000ce7000 	/System/Library/PrivateFrameworks/ChunkingLibrary.framework/Versions/A/ChunkingLibrary
0x0000000000ce7000 	/System/Library/PrivateFrameworks/DebugSymbols.framework/Versions/A/DebugSymbols
0x0000000000ce7000 	/System/Library/PrivateFrameworks/CoreSymbolication.framework/Versions/A/CoreSymbolication
0x0000000000ce7000 	/System/Library/PrivateFrameworks/Symbolication.framework/Versions/A/Symbolication
0x0000000000ce7000 	/System/Library/PrivateFrameworks/SpeechRecognitionCore.framework/Versions/A/SpeechRecognitionCore
0x0000000104405000 	/Applications/Android Studio.app/Contents/jre/jdk/Contents/Home/jre/lib/server/libjvm.dylib
0x0000000000ce7000 	/usr/lib/libstdc++.6.dylib
0x0000000104ea1000 	/Applications/Android Studio.app/Contents/jre/jdk/Contents/Home/jre/lib/libverify.dylib
0x0000000104ead000 	/Applications/Android Studio.app/Contents/jre/jdk/Contents/Home/jre/lib/libjava.dylib
0x0000000104eeb000 	/Applications/Android Studio.app/Contents/jre/jdk/Contents/Home/jre/lib/libzip.dylib
0x000000011967b000 	/Applications/Android Studio.app/Contents/jre/jdk/Contents/Home/jre/lib/libmanagement.dylib
0x0000000119685000 	/Applications/Android Studio.app/Contents/jre/jdk/Contents/Home/jre/lib/libnio.dylib
0x0000000119695000 	/Applications/Android Studio.app/Contents/jre/jdk/Contents/Home/jre/lib/./libnet.dylib

VM Arguments:
jvm_args: -Djava.awt.headless=true -Djava.rmi.server.hostname=127.0.0.1 -Xmx1536m -Dkotlin.environment.keepalive 
java_command: org.jetbrains.kotlin.daemon.KotlinCompileDaemon --daemon-runFilesPath /Users/danielideriba/Library/Application Support/kotlin/daemon --daemon-autoshutdownIdleSeconds=7200 --daemon-compilerClasspath /Users/danielideriba/.gradle/caches/modules-2/files-2.1/org.jetbrains.kotlin/kotlin-compiler-embeddable/1.3.21/677cc9553b8964c895abc76da9b6a0faea8f671d/kotlin-compiler-embeddable-1.3.21.jar:/Users/danielideriba/.gradle/caches/modules-2/files-2.1/org.jetbrains.kotlin/kotlin-reflect/1.3.21/d0d5ff2ac2ebd8a42697af41e20fc225a23c5d3b/kotlin-reflect-1.3.21.jar:/Users/danielideriba/.gradle/caches/modules-2/files-2.1/org.jetbrains.kotlin/kotlin-stdlib/1.3.21/4bcc2012b84840e19e1e28074284cac908be0295/kotlin-stdlib-1.3.21.jar:/Users/danielideriba/.gradle/caches/modules-2/files-2.1/org.jetbrains.kotlin/kotlin-script-runtime/1.3.21/29363d474ee6fda354900636320a177c7286def9/kotlin-script-runtime-1.3.21.jar:/Users/danielideriba/.gradle/caches/modules-2/files-2.1/org.jetbrains.intellij.deps/trove4j/1.0.20181211/216c2e14b070f334479d800987affe4054cd563f/trove4j-1.0.20181211.jar:/Users/danielideriba/.gradle/caches/modules-2/files-2.1/org.jetbrains.kotlin/kotlin-stdlib-common/1.3.21/f30e4a9897913e53d778f564110bafa1fef46643/kotlin-stdlib-common-1.3.21.jar:/Users/danielideriba/.gradle/caches/modules-2/files-2.1/org.jetbrains/annotations/13.0/919f0dfe192fb4e063e7dacadee7f8bb9a2672a9/annotations-13.0.jar:/Applications/Android Studio.app/Contents/jre/jdk/Contents/Home/lib/tools.jar
java_class_path (initial): /Users/danielideriba/.gradle/caches/modules-2/files-2.1/org.jetbrains.kotlin/kotlin-compiler-embeddable/1.3.21/677cc9553b8964c895abc76da9b6a0faea8f671d/kotlin-compiler-embeddable-1.3.21.jar:/Users/danielideriba/.gradle/caches/modules-2/files-2.1/org.jetbrains.kotlin/kotlin-reflect/1.3.21/d0d5ff2ac2ebd8a42697af41e20fc225a23c5d3b/kotlin-reflect-1.3.21.jar:/Users/danielideriba/.gradle/caches/modules-2/files-2.1/org.jetbrains.kotlin/kotlin-stdlib/1.3.21/4bcc2012b84840e19e1e28074284cac908be0295/kotlin-stdlib-1.3.21.jar:/Users/danielideriba/.gradle/caches/modules-2/files-2.1/org.jetbrains.kotlin/kotlin-script-runtime/1.3.21/29363d474ee6fda354900636320a177c7286def9/kotlin-script-runtime-1.3.21.jar:/Users/danielideriba/.gradle/caches/modules-2/files-2.1/org.jetbrains.intellij.deps/trove4j/1.0.20181211/216c2e14b070f334479d800987affe4054cd563f/trove4j-1.0.20181211.jar:/Users/danielideriba/.gradle/caches/modules-2/files-2.1/org.jetbrains.kotlin/kotlin-stdlib-common/1.3.21/f30e4a9897913e53d778f564110bafa1fef46643/kotlin-stdlib-common-1.3.21.jar:/Users/danielideriba/.gradle/caches/modules-2/files-2.1/org.jetbrains/annotations/13.0/919f0dfe192fb4e063e7dacadee7f8bb9a2672a9/annotations-13.0.jar:/Applications/Android Studio.app/Contents/jre/jdk/Contents/Home/lib/tools.jar
Launcher Type: SUN_STANDARD

Environment Variables:
PATH=/usr/local/bin:/usr/bin:/bin:/usr/sbin:/sbin
SHELL=/bin/zsh

Signal Handlers:
SIGSEGV: [libjvm.dylib+0x570b99], sa_mask[0]=11111111011111110111111111111111, sa_flags=SA_ONSTACK|SA_RESTART|SA_SIGINFO
SIGBUS: [libjvm.dylib+0x570b99], sa_mask[0]=11111111011111110111111111111111, sa_flags=SA_RESTART|SA_SIGINFO
SIGFPE: [libjvm.dylib+0x461f7d], sa_mask[0]=11111111011111110111111111111111, sa_flags=SA_RESTART|SA_SIGINFO
SIGPIPE: [libjvm.dylib+0x461f7d], sa_mask[0]=11111111011111110111111111111111, sa_flags=SA_RESTART|SA_SIGINFO
SIGXFSZ: [libjvm.dylib+0x461f7d], sa_mask[0]=11111111011111110111111111111111, sa_flags=SA_RESTART|SA_SIGINFO
SIGILL: [libjvm.dylib+0x461f7d], sa_mask[0]=11111111011111110111111111111111, sa_flags=SA_RESTART|SA_SIGINFO
SIGUSR1: SIG_DFL, sa_mask[0]=00000000000000000000000000000000, sa_flags=none
SIGUSR2: [libjvm.dylib+0x46288e], sa_mask[0]=00100000000000000000000000000000, sa_flags=SA_RESTART|SA_SIGINFO
SIGHUP: [libjvm.dylib+0x460a77], sa_mask[0]=11111111011111110111111111111111, sa_flags=SA_RESTART|SA_SIGINFO
SIGINT: [libjvm.dylib+0x460a77], sa_mask[0]=11111111011111110111111111111111, sa_flags=SA_RESTART|SA_SIGINFO
SIGTERM: [libjvm.dylib+0x460a77], sa_mask[0]=11111111011111110111111111111111, sa_flags=SA_RESTART|SA_SIGINFO
SIGQUIT: [libjvm.dylib+0x460a77], sa_mask[0]=11111111011111110111111111111111, sa_flags=SA_RESTART|SA_SIGINFO


---------------  S Y S T E M  ---------------

OS:Bsduname:Darwin 15.6.0 Darwin Kernel Version 15.6.0: Tue Jan 30 11:45:51 PST 2018; root:xnu-3248.73.8~1/RELEASE_X86_64 x86_64
rlimit: STACK 8192k, CORE 0k, NPROC 709, NOFILE 10240, AS infinity
load average:2.72 2.71 2.71

CPU:total 2 (initial active 2) (2 cores per cpu, 1 threads per core) family 6 model 23 stepping 10, cmov, cx8, fxsr, mmx, sse, sse2, sse3, ssse3, sse4.1, tsc

Memory: 4k page, physical 8388608k(61716k free)

/proc/meminfo:


vm_info: OpenJDK 64-Bit Server VM (25.152-b06) for bsd-amd64 JRE (1.8.0_152-release-1136-b06), built by "builder" with gcc 4.2.1 Compatible Apple LLVM 9.1.0 (clang-902.0.39.2)

time: Sat Feb  9 14:27:23 2019
elapsed time: 2539 seconds (0d 0h 42m 19s)

